# JRE version: OpenJDK Runtime Environment Corretto-11.0.26.4.1 (11.0.26+4) (build 11.0.26+4-LTS)
# Java VM: OpenJDK 64-Bit Server VM Corretto-11.0.26.4.1 (11.0.26+4-LTS, mixed mode, tiered, compressed oops, g1 gc, windows-amd64)
Heap:
 garbage-first heap   total 262144K, used 135569K [0x00000000e0000000, 0x0000000100000000)
  region size 1024K, 57 young (58368K), 7 survivors (7168K)
 Metaspace       used 100899K, capacity 103318K, committed 104744K, reserved 346112K
  class space    used 12353K, capacity 13250K, committed 13824K, reserved 253952K
GC Heap History (20 events):
Event: 3.907 GC heap before
{Heap before GC invocations=6 (full 0):
 garbage-first heap   total 262144K, used 141446K [0x00000000e0000000, 0x0000000100000000)
  region size 1024K, 119 young (121856K), 6 survivors (6144K)
 Metaspace       used 45488K, capacity 46634K, committed 46748K, reserved 294912K
  class space    used 5720K, capacity 6125K, committed 6144K, reserved 253952K
}
Event: 3.914 GC heap after
{Heap after GC invocations=7 (full 0):
 garbage-first heap   total 262144K, used 29159K [0x00000000e0000000, 0x0000000100000000)
  region size 1024K, 12 young (12288K), 12 survivors (12288K)
 Metaspace       used 45488K, capacity 46634K, committed 46748K, reserved 294912K
  class space    used 5720K, capacity 6125K, committed 6144K, reserved 253952K
}
Event: 4.989 GC heap before
{Heap before GC invocations=7 (full 0):
 garbage-first heap   total 262144K, used 176615K [0x00000000e0000000, 0x0000000100000000)
  region size 1024K, 153 young (156672K), 12 survivors (12288K)
 Metaspace       used 56903K, capacity 58341K, committed 58396K, reserved 305152K
  class space    used 7041K, capacity 7550K, committed 7552K, reserved 253952K
}
Event: 4.999 GC heap after
{Heap after GC invocations=8 (full 0):
 garbage-first heap   total 262144K, used 43644K [0x00000000e0000000, 0x0000000100000000)
  region size 1024K, 20 young (20480K), 20 survivors (20480K)
 Metaspace       used 56903K, capacity 58341K, committed 58396K, reserved 305152K
  class space    used 7041K, capacity 7550K, committed 7552K, reserved 253952K
}
Event: 5.172 GC heap before
{Heap before GC invocations=8 (full 0):
 garbage-first heap   total 262144K, used 56956K [0x00000000e0000000, 0x0000000100000000)
  region size 1024K, 34 young (34816K), 20 survivors (20480K)
 Metaspace       used 58697K, capacity 60155K, committed 60316K, reserved 307200K
  class space    used 7286K, capacity 7810K, committed 7936K, reserved 253952K
}
Event: 5.188 GC heap after
{Heap after GC invocations=9 (full 0):
 garbage-first heap   total 262144K, used 44089K [0x00000000e0000000, 0x0000000100000000)
  region size 1024K, 12 young (12288K), 12 survivors (12288K)
 Metaspace       used 58697K, capacity 60155K, committed 60316K, reserved 307200K
  class space    used 7286K, capacity 7810K, committed 7936K, reserved 253952K
}
Event: 6.303 GC heap before
{Heap before GC invocations=10 (full 0):
 garbage-first heap   total 262144K, used 182329K [0x00000000e0000000, 0x0000000100000000)
  region size 1024K, 147 young (150528K), 12 survivors (12288K)
 Metaspace       used 70725K, capacity 72355K, committed 72604K, reserved 317440K
  class space    used 8988K, capacity 9601K, committed 9728K, reserved 253952K
}
Event: 6.314 GC heap after
{Heap after GC invocations=11 (full 0):
 garbage-first heap   total 262144K, used 54115K [0x00000000e0000000, 0x0000000100000000)
  region size 1024K, 12 young (12288K), 12 survivors (12288K)
 Metaspace       used 70725K, capacity 72355K, committed 72604K, reserved 317440K
  class space    used 8988K, capacity 9601K, committed 9728K, reserved 253952K
}
Event: 7.521 GC heap before
{Heap before GC invocations=11 (full 0):
 garbage-first heap   total 262144K, used 188259K [0x00000000e0000000, 0x0000000100000000)
  region size 1024K, 144 young (147456K), 12 survivors (12288K)
 Metaspace       used 82405K, capacity 84475K, committed 84764K, reserved 327680K
  class space    used 10555K, capacity 11279K, committed 11392K, reserved 253952K
}
Event: 7.534 GC heap after
{Heap after GC invocations=12 (full 0):
 garbage-first heap   total 262144K, used 64578K [0x00000000e0000000, 0x0000000100000000)
  region size 1024K, 11 young (11264K), 11 survivors (11264K)
 Metaspace       used 82405K, capacity 84475K, committed 84764K, reserved 327680K
  class space    used 10555K, capacity 11279K, committed 11392K, reserved 253952K
}
Event: 8.215 GC heap before
{Heap before GC invocations=12 (full 0):
 garbage-first heap   total 262144K, used 193602K [0x00000000e0000000, 0x0000000100000000)
  region size 1024K, 138 young (141312K), 11 survivors (11264K)
 Metaspace       used 85816K, capacity 88538K, committed 88604K, reserved 331776K
  class space    used 11117K, capacity 12111K, committed 12160K, reserved 253952K
}
Event: 8.225 GC heap after
{Heap after GC invocations=13 (full 0):
 garbage-first heap   total 262144K, used 73693K [0x00000000e0000000, 0x0000000100000000)
  region size 1024K, 9 young (9216K), 9 survivors (9216K)
 Metaspace       used 85816K, capacity 88538K, committed 88604K, reserved 331776K
  class space    used 11117K, capacity 12111K, committed 12160K, reserved 253952K
}
Event: 9.836 GC heap before
{Heap before GC invocations=13 (full 0):
 garbage-first heap   total 262144K, used 198621K [0x00000000e0000000, 0x0000000100000000)
  region size 1024K, 132 young (135168K), 9 survivors (9216K)
 Metaspace       used 90800K, capacity 93575K, committed 93852K, reserved 335872K
  class space    used 11691K, capacity 12713K, committed 12800K, reserved 253952K
}
Event: 9.844 GC heap after
{Heap after GC invocations=14 (full 0):
 garbage-first heap   total 262144K, used 80066K [0x00000000e0000000, 0x0000000100000000)
  region size 1024K, 15 young (15360K), 15 survivors (15360K)
 Metaspace       used 90800K, capacity 93575K, committed 93852K, reserved 335872K
  class space    used 11691K, capacity 12713K, committed 12800K, reserved 253952K
}
Event: 38.490 GC heap before
{Heap before GC invocations=14 (full 0):
 garbage-first heap   total 262144K, used 211138K [0x00000000e0000000, 0x0000000100000000)
  region size 1024K, 136 young (139264K), 15 survivors (15360K)
 Metaspace       used 97644K, capacity 100457K, committed 100636K, reserved 342016K
  class space    used 12301K, capacity 13342K, committed 13440K, reserved 253952K
}
Event: 38.503 GC heap after
{Heap after GC invocations=15 (full 0):
 garbage-first heap   total 262144K, used 82356K [0x00000000e0000000, 0x0000000100000000)
  region size 1024K, 10 young (10240K), 10 survivors (10240K)
 Metaspace       used 97644K, capacity 100457K, committed 100636K, reserved 342016K
  class space    used 12301K, capacity 13342K, committed 13440K, reserved 253952K
}
Event: 38.769 GC heap before
{Heap before GC invocations=15 (full 0):
 garbage-first heap   total 262144K, used 108980K [0x00000000e0000000, 0x0000000100000000)
  region size 1024K, 36 young (36864K), 10 survivors (10240K)
 Metaspace       used 98001K, capacity 100791K, committed 100892K, reserved 342016K
  class space    used 12318K, capacity 13382K, committed 13440K, reserved 253952K
}
Event: 38.785 GC heap after
{Heap after GC invocations=16 (full 0):
 garbage-first heap   total 262144K, used 87898K [0x00000000e0000000, 0x0000000100000000)
  region size 1024K, 16 young (16384K), 16 survivors (16384K)
 Metaspace       used 98001K, capacity 100791K, committed 100892K, reserved 342016K
  class space    used 12318K, capacity 13382K, committed 13440K, reserved 253952K
}
Event: 43.704 GC heap before
{Heap before GC invocations=17 (full 0):
 garbage-first heap   total 262144K, used 223066K [0x00000000e0000000, 0x0000000100000000)
  region size 1024K, 133 young (136192K), 16 survivors (16384K)
 Metaspace       used 100615K, capacity 103011K, committed 104488K, reserved 346112K
  class space    used 12347K, capacity 13239K, committed 13824K, reserved 253952K
}
Event: 43.717 GC heap after
{Heap after GC invocations=18 (full 0):
 garbage-first heap   total 262144K, used 86417K [0x00000000e0000000, 0x0000000100000000)
  region size 1024K, 7 young (7168K), 7 survivors (7168K)
 Metaspace       used 100615K, capacity 103011K, committed 104488K, reserved 346112K
  class space    used 12347K, capacity 13239K, committed 13824K, reserved 253952K
}

