# JRE version: OpenJDK Runtime Environment Corretto-11.0.26.4.1 (11.0.26+4) (build 11.0.26+4-LTS)
# Java VM: OpenJDK 64-Bit Server VM Corretto-11.0.26.4.1 (11.0.26+4-LTS, mixed mode, tiered, compressed oops, g1 gc, windows-amd64)
Heap:
 garbage-first heap   total 262144K, used 121190K [0x00000000e0000000, 0x0000000100000000)
  region size 1024K, 87 young (89088K), 20 survivors (20480K)
 Metaspace       used 77398K, capacity 79163K, committed 79312K, reserved 323584K
  class space    used 9960K, capacity 10607K, committed 10624K, reserved 253952K
GC Heap History (18 events):
Event: 0.372 GC heap before
{Heap before GC invocations=0 (full 0):
 garbage-first heap   total 262144K, used 29696K [0x00000000e0000000, 0x0000000100000000)
  region size 1024K, 24 young (24576K), 0 survivors (0K)
 Metaspace       used 10033K, capacity 10260K, committed 10368K, reserved 264192K
  class space    used 1016K, capacity 1106K, committed 1152K, reserved 253952K
}
Event: 0.377 GC heap after
{Heap after GC invocations=1 (full 0):
 garbage-first heap   total 262144K, used 9317K [0x00000000e0000000, 0x0000000100000000)
  region size 1024K, 3 young (3072K), 3 survivors (3072K)
 Metaspace       used 10033K, capacity 10260K, committed 10368K, reserved 264192K
  class space    used 1016K, capacity 1106K, committed 1152K, reserved 253952K
}
Event: 1.376 GC heap before
{Heap before GC invocations=1 (full 0):
 garbage-first heap   total 262144K, used 111717K [0x00000000e0000000, 0x0000000100000000)
  region size 1024K, 103 young (105472K), 3 survivors (3072K)
 Metaspace       used 20758K, capacity 21190K, committed 21296K, reserved 274432K
  class space    used 2481K, capacity 2644K, committed 2688K, reserved 253952K
}
Event: 1.383 GC heap after
{Heap after GC invocations=2 (full 0):
 garbage-first heap   total 262144K, used 17311K [0x00000000e0000000, 0x0000000100000000)
  region size 1024K, 11 young (11264K), 11 survivors (11264K)
 Metaspace       used 20758K, capacity 21190K, committed 21296K, reserved 274432K
  class space    used 2481K, capacity 2644K, committed 2688K, reserved 253952K
}
Event: 1.541 GC heap before
{Heap before GC invocations=3 (full 0):
 garbage-first heap   total 262144K, used 42911K [0x00000000e0000000, 0x0000000100000000)
  region size 1024K, 36 young (36864K), 11 survivors (11264K)
 Metaspace       used 23470K, capacity 23967K, committed 24240K, reserved 276480K
  class space    used 2886K, capacity 3064K, committed 3072K, reserved 253952K
}
Event: 1.545 GC heap after
{Heap after GC invocations=4 (full 0):
 garbage-first heap   total 262144K, used 17962K [0x00000000e0000000, 0x0000000100000000)
  region size 1024K, 2 young (2048K), 2 survivors (2048K)
 Metaspace       used 23470K, capacity 23967K, committed 24240K, reserved 276480K
  class space    used 2886K, capacity 3064K, committed 3072K, reserved 253952K
}
Event: 2.060 GC heap before
{Heap before GC invocations=4 (full 0):
 garbage-first heap   total 262144K, used 97834K [0x00000000e0000000, 0x0000000100000000)
  region size 1024K, 80 young (81920K), 2 survivors (2048K)
 Metaspace       used 31271K, capacity 31908K, committed 32176K, reserved 282624K
  class space    used 4084K, capacity 4313K, committed 4352K, reserved 253952K
}
Event: 2.062 GC heap after
{Heap after GC invocations=5 (full 0):
 garbage-first heap   total 262144K, used 20433K [0x00000000e0000000, 0x0000000100000000)
  region size 1024K, 4 young (4096K), 4 survivors (4096K)
 Metaspace       used 31271K, capacity 31908K, committed 32176K, reserved 282624K
  class space    used 4084K, capacity 4313K, committed 4352K, reserved 253952K
}
Event: 2.232 GC heap before
{Heap before GC invocations=5 (full 0):
 garbage-first heap   total 262144K, used 31697K [0x00000000e0000000, 0x0000000100000000)
  region size 1024K, 16 young (16384K), 4 survivors (4096K)
 Metaspace       used 34987K, capacity 35778K, committed 35888K, reserved 286720K
  class space    used 4430K, capacity 4709K, committed 4736K, reserved 253952K
}
Event: 2.238 GC heap after
{Heap after GC invocations=6 (full 0):
 garbage-first heap   total 262144K, used 22160K [0x00000000e0000000, 0x0000000100000000)
  region size 1024K, 6 young (6144K), 6 survivors (6144K)
 Metaspace       used 34987K, capacity 35778K, committed 35888K, reserved 286720K
  class space    used 4430K, capacity 4709K, committed 4736K, reserved 253952K
}
Event: 3.059 GC heap before
{Heap before GC invocations=7 (full 0):
 garbage-first heap   total 262144K, used 142992K [0x00000000e0000000, 0x0000000100000000)
  region size 1024K, 120 young (122880K), 6 survivors (6144K)
 Metaspace       used 45589K, capacity 46713K, committed 46748K, reserved 294912K
  class space    used 5740K, capacity 6130K, committed 6144K, reserved 253952K
}
Event: 3.067 GC heap after
{Heap after GC invocations=8 (full 0):
 garbage-first heap   total 262144K, used 28490K [0x00000000e0000000, 0x0000000100000000)
  region size 1024K, 12 young (12288K), 12 survivors (12288K)
 Metaspace       used 45589K, capacity 46713K, committed 46748K, reserved 294912K
  class space    used 5740K, capacity 6130K, committed 6144K, reserved 253952K
}
Event: 3.829 GC heap before
{Heap before GC invocations=8 (full 0):
 garbage-first heap   total 262144K, used 164682K [0x00000000e0000000, 0x0000000100000000)
  region size 1024K, 142 young (145408K), 12 survivors (12288K)
 Metaspace       used 54992K, capacity 56374K, committed 56476K, reserved 303104K
  class space    used 6863K, capacity 7342K, committed 7424K, reserved 253952K
}
Event: 3.838 GC heap after
{Heap after GC invocations=9 (full 0):
 garbage-first heap   total 262144K, used 41736K [0x00000000e0000000, 0x0000000100000000)
  region size 1024K, 18 young (18432K), 18 survivors (18432K)
 Metaspace       used 54992K, capacity 56374K, committed 56476K, reserved 303104K
  class space    used 6863K, capacity 7342K, committed 7424K, reserved 253952K
}
Event: 4.042 GC heap before
{Heap before GC invocations=9 (full 0):
 garbage-first heap   total 262144K, used 66312K [0x00000000e0000000, 0x0000000100000000)
  region size 1024K, 43 young (44032K), 18 survivors (18432K)
 Metaspace       used 58694K, capacity 60200K, committed 60420K, reserved 307200K
  class space    used 7289K, capacity 7802K, committed 7808K, reserved 253952K
}
Event: 4.057 GC heap after
{Heap after GC invocations=10 (full 0):
 garbage-first heap   total 262144K, used 43863K [0x00000000e0000000, 0x0000000100000000)
  region size 1024K, 12 young (12288K), 12 survivors (12288K)
 Metaspace       used 58694K, capacity 60200K, committed 60420K, reserved 307200K
  class space    used 7289K, capacity 7802K, committed 7808K, reserved 253952K
}
Event: 5.109 GC heap before
{Heap before GC invocations=11 (full 0):
 garbage-first heap   total 262144K, used 188247K [0x00000000e0000000, 0x0000000100000000)
  region size 1024K, 153 young (156672K), 12 survivors (12288K)
 Metaspace       used 71303K, capacity 72935K, committed 73040K, reserved 317440K
  class space    used 9058K, capacity 9662K, committed 9728K, reserved 253952K
}
Event: 5.119 GC heap after
{Heap after GC invocations=12 (full 0):
 garbage-first heap   total 262144K, used 53606K [0x00000000e0000000, 0x0000000100000000)
  region size 1024K, 20 young (20480K), 20 survivors (20480K)
 Metaspace       used 71303K, capacity 72935K, committed 73040K, reserved 317440K
  class space    used 9058K, capacity 9662K, committed 9728K, reserved 253952K
}

