# JRE version: OpenJDK Runtime Environment Corretto-11.0.26.4.1 (11.0.26+4) (build 11.0.26+4-LTS)
# Java VM: OpenJDK 64-Bit Server VM Corretto-11.0.26.4.1 (11.0.26+4-LTS, mixed mode, tiered, compressed oops, g1 gc, windows-amd64)
Heap:
 garbage-first heap   total 262144K, used 211752K [0x00000000e0000000, 0x0000000100000000)
  region size 1024K, 124 young (126976K), 4 survivors (4096K)
 Metaspace       used 101090K, capacity 103978K, committed 104156K, reserved 346112K
  class space    used 12611K, capacity 13648K, committed 13696K, reserved 253952K
GC Heap History (20 events):
Event: 2.162 GC heap before
{Heap before GC invocations=3 (full 0):
 garbage-first heap   total 262144K, used 65279K [0x00000000e0000000, 0x0000000100000000)
  region size 1024K, 59 young (60416K), 11 survivors (11264K)
 Metaspace       used 25799K, capacity 26346K, committed 26416K, reserved 278528K
  class space    used 3225K, capacity 3452K, committed 3456K, reserved 253952K
}
Event: 2.167 GC heap after
{Heap after GC invocations=4 (full 0):
 garbage-first heap   total 262144K, used 19061K [0x00000000e0000000, 0x0000000100000000)
  region size 1024K, 3 young (3072K), 3 survivors (3072K)
 Metaspace       used 25799K, capacity 26346K, committed 26416K, reserved 278528K
  class space    used 3225K, capacity 3452K, committed 3456K, reserved 253952K
}
Event: 2.757 GC heap before
{Heap before GC invocations=4 (full 0):
 garbage-first heap   total 262144K, used 87669K [0x00000000e0000000, 0x0000000100000000)
  region size 1024K, 71 young (72704K), 3 survivors (3072K)
 Metaspace       used 34932K, capacity 35714K, committed 35888K, reserved 286720K
  class space    used 4430K, capacity 4709K, committed 4736K, reserved 253952K
}
Event: 2.762 GC heap after
{Heap after GC invocations=5 (full 0):
 garbage-first heap   total 262144K, used 22097K [0x00000000e0000000, 0x0000000100000000)
  region size 1024K, 6 young (6144K), 6 survivors (6144K)
 Metaspace       used 34932K, capacity 35714K, committed 35888K, reserved 286720K
  class space    used 4430K, capacity 4709K, committed 4736K, reserved 253952K
}
Event: 3.553 GC heap before
{Heap before GC invocations=6 (full 0):
 garbage-first heap   total 262144K, used 141905K [0x00000000e0000000, 0x0000000100000000)
  region size 1024K, 120 young (122880K), 6 survivors (6144K)
 Metaspace       used 45571K, capacity 46649K, committed 46748K, reserved 294912K
  class space    used 5739K, capacity 6130K, committed 6144K, reserved 253952K
}
Event: 3.561 GC heap after
{Heap after GC invocations=7 (full 0):
 garbage-first heap   total 262144K, used 28447K [0x00000000e0000000, 0x0000000100000000)
  region size 1024K, 12 young (12288K), 12 survivors (12288K)
 Metaspace       used 45571K, capacity 46649K, committed 46748K, reserved 294912K
  class space    used 5739K, capacity 6130K, committed 6144K, reserved 253952K
}
Event: 4.598 GC heap before
{Heap before GC invocations=7 (full 0):
 garbage-first heap   total 262144K, used 175903K [0x00000000e0000000, 0x0000000100000000)
  region size 1024K, 153 young (156672K), 12 survivors (12288K)
 Metaspace       used 57104K, capacity 58524K, committed 58780K, reserved 305152K
  class space    used 7071K, capacity 7568K, committed 7680K, reserved 253952K
}
Event: 4.608 GC heap after
{Heap after GC invocations=8 (full 0):
 garbage-first heap   total 262144K, used 42374K [0x00000000e0000000, 0x0000000100000000)
  region size 1024K, 20 young (20480K), 20 survivors (20480K)
 Metaspace       used 57104K, capacity 58524K, committed 58780K, reserved 305152K
  class space    used 7071K, capacity 7568K, committed 7680K, reserved 253952K
}
Event: 4.746 GC heap before
{Heap before GC invocations=8 (full 0):
 garbage-first heap   total 262144K, used 54662K [0x00000000e0000000, 0x0000000100000000)
  region size 1024K, 33 young (33792K), 20 survivors (20480K)
 Metaspace       used 58712K, capacity 60201K, committed 60316K, reserved 307200K
  class space    used 7298K, capacity 7825K, committed 7936K, reserved 253952K
}
Event: 4.757 GC heap after
{Heap after GC invocations=9 (full 0):
 garbage-first heap   total 262144K, used 42989K [0x00000000e0000000, 0x0000000100000000)
  region size 1024K, 11 young (11264K), 11 survivors (11264K)
 Metaspace       used 58712K, capacity 60201K, committed 60316K, reserved 307200K
  class space    used 7298K, capacity 7825K, committed 7936K, reserved 253952K
}
Event: 5.853 GC heap before
{Heap before GC invocations=10 (full 0):
 garbage-first heap   total 262144K, used 188397K [0x00000000e0000000, 0x0000000100000000)
  region size 1024K, 153 young (156672K), 11 survivors (11264K)
 Metaspace       used 71428K, capacity 73097K, committed 73116K, reserved 317440K
  class space    used 9080K, capacity 9717K, committed 9728K, reserved 253952K
}
Event: 5.862 GC heap after
{Heap after GC invocations=11 (full 0):
 garbage-first heap   total 262144K, used 53519K [0x00000000e0000000, 0x0000000100000000)
  region size 1024K, 20 young (20480K), 20 survivors (20480K)
 Metaspace       used 71428K, capacity 73097K, committed 73116K, reserved 317440K
  class space    used 9080K, capacity 9717K, committed 9728K, reserved 253952K
}
Event: 7.000 GC heap before
{Heap before GC invocations=11 (full 0):
 garbage-first heap   total 262144K, used 188687K [0x00000000e0000000, 0x0000000100000000)
  region size 1024K, 153 young (156672K), 20 survivors (20480K)
 Metaspace       used 82481K, capacity 84572K, committed 84764K, reserved 327680K
  class space    used 10572K, capacity 11331K, committed 11392K, reserved 253952K
}
Event: 7.016 GC heap after
{Heap after GC invocations=12 (full 0):
 garbage-first heap   total 262144K, used 64696K [0x00000000e0000000, 0x0000000100000000)
  region size 1024K, 20 young (20480K), 20 survivors (20480K)
 Metaspace       used 82481K, capacity 84572K, committed 84764K, reserved 327680K
  class space    used 10572K, capacity 11331K, committed 11392K, reserved 253952K
}
Event: 7.776 GC heap before
{Heap before GC invocations=12 (full 0):
 garbage-first heap   total 262144K, used 209080K [0x00000000e0000000, 0x0000000100000000)
  region size 1024K, 153 young (156672K), 20 survivors (20480K)
 Metaspace       used 88420K, capacity 91073K, committed 91420K, reserved 333824K
  class space    used 11356K, capacity 12341K, committed 12416K, reserved 253952K
}
Event: 7.791 GC heap after
{Heap after GC invocations=13 (full 0):
 garbage-first heap   total 262144K, used 71655K [0x00000000e0000000, 0x0000000100000000)
  region size 1024K, 17 young (17408K), 17 survivors (17408K)
 Metaspace       used 88420K, capacity 91073K, committed 91420K, reserved 333824K
  class space    used 11356K, capacity 12341K, committed 12416K, reserved 253952K
}
Event: 9.333 GC heap before
{Heap before GC invocations=13 (full 0):
 garbage-first heap   total 262144K, used 203751K [0x00000000e0000000, 0x0000000100000000)
  region size 1024K, 147 young (150528K), 17 survivors (17408K)
 Metaspace       used 93716K, capacity 96422K, committed 96668K, reserved 337920K
  class space    used 11990K, capacity 13006K, committed 13056K, reserved 253952K
}
Event: 9.346 GC heap after
{Heap after GC invocations=14 (full 0):
 garbage-first heap   total 262144K, used 82224K [0x00000000e0000000, 0x0000000100000000)
  region size 1024K, 17 young (17408K), 17 survivors (17408K)
 Metaspace       used 93716K, capacity 96422K, committed 96668K, reserved 337920K
  class space    used 11990K, capacity 13006K, committed 13056K, reserved 253952K
}
Event: 9.855 GC heap before
{Heap before GC invocations=14 (full 0):
 garbage-first heap   total 262144K, used 146736K [0x00000000e0000000, 0x0000000100000000)
  region size 1024K, 74 young (75776K), 17 survivors (17408K)
 Metaspace       used 98086K, capacity 100879K, committed 100956K, reserved 342016K
  class space    used 12485K, capacity 13545K, committed 13568K, reserved 253952K
}
Event: 9.863 GC heap after
{Heap after GC invocations=15 (full 0):
 garbage-first heap   total 262144K, used 81704K [0x00000000e0000000, 0x0000000100000000)
  region size 1024K, 4 young (4096K), 4 survivors (4096K)
 Metaspace       used 98086K, capacity 100879K, committed 100956K, reserved 342016K
  class space    used 12485K, capacity 13545K, committed 13568K, reserved 253952K
}

