# JRE version: OpenJDK Runtime Environment Corretto-11.0.26.4.1 (11.0.26+4) (build 11.0.26+4-LTS)
# Java VM: OpenJDK 64-Bit Server VM Corretto-11.0.26.4.1 (11.0.26+4-LTS, mixed mode, tiered, compressed oops, g1 gc, windows-amd64)
Heap:
 garbage-first heap   total 262144K, used 144414K [0x00000000e0000000, 0x0000000100000000)
  region size 1024K, 92 young (94208K), 11 survivors (11264K)
 Metaspace       used 83950K, capacity 86536K, committed 86812K, reserved 329728K
  class space    used 10881K, capacity 11883K, committed 11904K, reserved 253952K
GC Heap History (18 events):
Event: 0.467 GC heap before
{Heap before GC invocations=0 (full 0):
 garbage-first heap   total 262144K, used 29696K [0x00000000e0000000, 0x0000000100000000)
  region size 1024K, 24 young (24576K), 0 survivors (0K)
 Metaspace       used 10030K, capacity 10260K, committed 10368K, reserved 264192K
  class space    used 1017K, capacity 1106K, committed 1152K, reserved 253952K
}
Event: 0.473 GC heap after
{Heap after GC invocations=1 (full 0):
 garbage-first heap   total 262144K, used 9148K [0x00000000e0000000, 0x0000000100000000)
  region size 1024K, 3 young (3072K), 3 survivors (3072K)
 Metaspace       used 10030K, capacity 10260K, committed 10368K, reserved 264192K
  class space    used 1017K, capacity 1106K, committed 1152K, reserved 253952K
}
Event: 1.801 GC heap before
{Heap before GC invocations=1 (full 0):
 garbage-first heap   total 262144K, used 110524K [0x00000000e0000000, 0x0000000100000000)
  region size 1024K, 103 young (105472K), 3 survivors (3072K)
 Metaspace       used 20755K, capacity 21190K, committed 21296K, reserved 274432K
  class space    used 2478K, capacity 2644K, committed 2688K, reserved 253952K
}
Event: 1.810 GC heap after
{Heap after GC invocations=2 (full 0):
 garbage-first heap   total 262144K, used 17559K [0x00000000e0000000, 0x0000000100000000)
  region size 1024K, 12 young (12288K), 12 survivors (12288K)
 Metaspace       used 20755K, capacity 21190K, committed 21296K, reserved 274432K
  class space    used 2478K, capacity 2644K, committed 2688K, reserved 253952K
}
Event: 2.302 GC heap before
{Heap before GC invocations=3 (full 0):
 garbage-first heap   total 262144K, used 78999K [0x00000000e0000000, 0x0000000100000000)
  region size 1024K, 73 young (74752K), 12 survivors (12288K)
 Metaspace       used 27426K, capacity 28002K, committed 28336K, reserved 278528K
  class space    used 3486K, capacity 3733K, committed 3840K, reserved 253952K
}
Event: 2.308 GC heap after
{Heap after GC invocations=4 (full 0):
 garbage-first heap   total 262144K, used 19571K [0x00000000e0000000, 0x0000000100000000)
  region size 1024K, 3 young (3072K), 3 survivors (3072K)
 Metaspace       used 27426K, capacity 28002K, committed 28336K, reserved 278528K
  class space    used 3486K, capacity 3733K, committed 3840K, reserved 253952K
}
Event: 2.782 GC heap before
{Heap before GC invocations=4 (full 0):
 garbage-first heap   total 262144K, used 74867K [0x00000000e0000000, 0x0000000100000000)
  region size 1024K, 58 young (59392K), 3 survivors (3072K)
 Metaspace       used 34930K, capacity 35714K, committed 35888K, reserved 286720K
  class space    used 4429K, capacity 4709K, committed 4736K, reserved 253952K
}
Event: 2.788 GC heap after
{Heap after GC invocations=5 (full 0):
 garbage-first heap   total 262144K, used 22095K [0x00000000e0000000, 0x0000000100000000)
  region size 1024K, 6 young (6144K), 6 survivors (6144K)
 Metaspace       used 34930K, capacity 35714K, committed 35888K, reserved 286720K
  class space    used 4429K, capacity 4709K, committed 4736K, reserved 253952K
}
Event: 3.664 GC heap before
{Heap before GC invocations=6 (full 0):
 garbage-first heap   total 262144K, used 144975K [0x00000000e0000000, 0x0000000100000000)
  region size 1024K, 123 young (125952K), 6 survivors (6144K)
 Metaspace       used 45764K, capacity 46883K, committed 47132K, reserved 294912K
  class space    used 5762K, capacity 6166K, committed 6272K, reserved 253952K
}
Event: 3.672 GC heap after
{Heap after GC invocations=7 (full 0):
 garbage-first heap   total 262144K, used 28476K [0x00000000e0000000, 0x0000000100000000)
  region size 1024K, 12 young (12288K), 12 survivors (12288K)
 Metaspace       used 45764K, capacity 46883K, committed 47132K, reserved 294912K
  class space    used 5762K, capacity 6166K, committed 6272K, reserved 253952K
}
Event: 4.714 GC heap before
{Heap before GC invocations=7 (full 0):
 garbage-first heap   total 262144K, used 175932K [0x00000000e0000000, 0x0000000100000000)
  region size 1024K, 153 young (156672K), 12 survivors (12288K)
 Metaspace       used 56351K, capacity 57847K, committed 58140K, reserved 305152K
  class space    used 6996K, capacity 7493K, committed 7552K, reserved 253952K
}
Event: 4.724 GC heap after
{Heap after GC invocations=8 (full 0):
 garbage-first heap   total 262144K, used 42479K [0x00000000e0000000, 0x0000000100000000)
  region size 1024K, 19 young (19456K), 19 survivors (19456K)
 Metaspace       used 56351K, capacity 57847K, committed 58140K, reserved 305152K
  class space    used 6996K, capacity 7493K, committed 7552K, reserved 253952K
}
Event: 4.897 GC heap before
{Heap before GC invocations=8 (full 0):
 garbage-first heap   total 262144K, used 59887K [0x00000000e0000000, 0x0000000100000000)
  region size 1024K, 37 young (37888K), 19 survivors (19456K)
 Metaspace       used 58706K, capacity 60181K, committed 60316K, reserved 307200K
  class space    used 7289K, capacity 7817K, committed 7936K, reserved 253952K
}
Event: 4.910 GC heap after
{Heap after GC invocations=9 (full 0):
 garbage-first heap   total 262144K, used 43373K [0x00000000e0000000, 0x0000000100000000)
  region size 1024K, 12 young (12288K), 12 survivors (12288K)
 Metaspace       used 58706K, capacity 60181K, committed 60316K, reserved 307200K
  class space    used 7289K, capacity 7817K, committed 7936K, reserved 253952K
}
Event: 5.870 GC heap before
{Heap before GC invocations=10 (full 0):
 garbage-first heap   total 262144K, used 170349K [0x00000000e0000000, 0x0000000100000000)
  region size 1024K, 136 young (139264K), 12 survivors (12288K)
 Metaspace       used 68975K, capacity 70592K, committed 70940K, reserved 317440K
  class space    used 8641K, capacity 9249K, committed 9344K, reserved 253952K
}
Event: 5.880 GC heap after
{Heap after GC invocations=11 (full 0):
 garbage-first heap   total 262144K, used 53569K [0x00000000e0000000, 0x0000000100000000)
  region size 1024K, 12 young (12288K), 12 survivors (12288K)
 Metaspace       used 68975K, capacity 70592K, committed 70940K, reserved 317440K
  class space    used 8641K, capacity 9249K, committed 9344K, reserved 253952K
}
Event: 6.976 GC heap before
{Heap before GC invocations=11 (full 0):
 garbage-first heap   total 262144K, used 180545K [0x00000000e0000000, 0x0000000100000000)
  region size 1024K, 136 young (139264K), 12 survivors (12288K)
 Metaspace       used 81181K, capacity 83045K, committed 83228K, reserved 327680K
  class space    used 10376K, capacity 11054K, committed 11136K, reserved 253952K
}
Event: 6.989 GC heap after
{Heap after GC invocations=12 (full 0):
 garbage-first heap   total 262144K, used 63518K [0x00000000e0000000, 0x0000000100000000)
  region size 1024K, 11 young (11264K), 11 survivors (11264K)
 Metaspace       used 81181K, capacity 83045K, committed 83228K, reserved 327680K
  class space    used 10376K, capacity 11054K, committed 11136K, reserved 253952K
}

