# JRE version: OpenJDK Runtime Environment Corretto-11.0.26.4.1 (11.0.26+4) (build 11.0.26+4-LTS)
# Java VM: OpenJDK 64-Bit Server VM Corretto-11.0.26.4.1 (11.0.26+4-LTS, mixed mode, tiered, compressed oops, g1 gc, windows-amd64)
Heap:
 garbage-first heap   total 262144K, used 114081K [0x00000000e0000000, 0x0000000100000000)
  region size 1024K, 22 young (22528K), 7 survivors (7168K)
 Metaspace       used 143813K, capacity 148538K, committed 149544K, reserved 385024K
  class space    used 16747K, capacity 18480K, committed 18944K, reserved 253952K
GC Heap History (20 events):
Event: 4634.650 GC heap before
{Heap before GC invocations=317 (full 0):
 garbage-first heap   total 262144K, used 103790K [0x00000000e0000000, 0x0000000100000000)
  region size 1024K, 12 young (12288K), 2 survivors (2048K)
 Metaspace       used 143526K, capacity 148168K, committed 149288K, reserved 385024K
  class space    used 16734K, capacity 18459K, committed 18944K, reserved 253952K
}
Event: 4634.654 GC heap after
{Heap after GC invocations=318 (full 0):
 garbage-first heap   total 262144K, used 94544K [0x00000000e0000000, 0x0000000100000000)
  region size 1024K, 2 young (2048K), 2 survivors (2048K)
 Metaspace       used 143526K, capacity 148168K, committed 149288K, reserved 385024K
  class space    used 16734K, capacity 18459K, committed 18944K, reserved 253952K
}
Event: 4641.189 GC heap before
{Heap before GC invocations=319 (full 0):
 garbage-first heap   total 262144K, used 218448K [0x00000000e0000000, 0x0000000100000000)
  region size 1024K, 107 young (109568K), 2 survivors (2048K)
 Metaspace       used 143572K, capacity 148314K, committed 149288K, reserved 385024K
  class space    used 16737K, capacity 18462K, committed 18944K, reserved 253952K
}
Event: 4641.201 GC heap after
{Heap after GC invocations=320 (full 0):
 garbage-first heap   total 262144K, used 99974K [0x00000000e0000000, 0x0000000100000000)
  region size 1024K, 7 young (7168K), 7 survivors (7168K)
 Metaspace       used 143572K, capacity 148314K, committed 149288K, reserved 385024K
  class space    used 16737K, capacity 18462K, committed 18944K, reserved 253952K
}
Event: 4641.223 GC heap before
{Heap before GC invocations=320 (full 0):
 garbage-first heap   total 262144K, used 105094K [0x00000000e0000000, 0x0000000100000000)
  region size 1024K, 12 young (12288K), 7 survivors (7168K)
 Metaspace       used 143572K, capacity 148314K, committed 149288K, reserved 385024K
  class space    used 16737K, capacity 18462K, committed 18944K, reserved 253952K
}
Event: 4641.232 GC heap after
{Heap after GC invocations=321 (full 0):
 garbage-first heap   total 262144K, used 95340K [0x00000000e0000000, 0x0000000100000000)
  region size 1024K, 1 young (1024K), 1 survivors (1024K)
 Metaspace       used 143572K, capacity 148314K, committed 149288K, reserved 385024K
  class space    used 16737K, capacity 18462K, committed 18944K, reserved 253952K
}
Event: 4671.194 GC heap before
{Heap before GC invocations=321 (full 0):
 garbage-first heap   total 262144K, used 143468K [0x00000000e0000000, 0x0000000100000000)
  region size 1024K, 50 young (51200K), 1 survivors (1024K)
 Metaspace       used 143608K, capacity 148379K, committed 149288K, reserved 385024K
  class space    used 16738K, capacity 18462K, committed 18944K, reserved 253952K
}
Event: 4671.240 GC heap after
{Heap after GC invocations=322 (full 0):
 garbage-first heap   total 262144K, used 100108K [0x00000000e0000000, 0x0000000100000000)
  region size 1024K, 6 young (6144K), 6 survivors (6144K)
 Metaspace       used 143608K, capacity 148379K, committed 149288K, reserved 385024K
  class space    used 16738K, capacity 18462K, committed 18944K, reserved 253952K
}
Event: 4677.788 GC heap before
{Heap before GC invocations=323 (full 0):
 garbage-first heap   total 262144K, used 214796K [0x00000000e0000000, 0x0000000100000000)
  region size 1024K, 102 young (104448K), 6 survivors (6144K)
 Metaspace       used 143677K, capacity 148389K, committed 149288K, reserved 385024K
  class space    used 16738K, capacity 18462K, committed 18944K, reserved 253952K
}
Event: 4677.796 GC heap after
{Heap after GC invocations=324 (full 0):
 garbage-first heap   total 262144K, used 99619K [0x00000000e0000000, 0x0000000100000000)
  region size 1024K, 6 young (6144K), 6 survivors (6144K)
 Metaspace       used 143677K, capacity 148389K, committed 149288K, reserved 385024K
  class space    used 16738K, capacity 18462K, committed 18944K, reserved 253952K
}
Event: 4677.846 GC heap before
{Heap before GC invocations=324 (full 0):
 garbage-first heap   total 262144K, used 104739K [0x00000000e0000000, 0x0000000100000000)
  region size 1024K, 12 young (12288K), 6 survivors (6144K)
 Metaspace       used 143686K, capacity 148389K, committed 149288K, reserved 385024K
  class space    used 16738K, capacity 18462K, committed 18944K, reserved 253952K
}
Event: 4677.861 GC heap after
{Heap after GC invocations=325 (full 0):
 garbage-first heap   total 262144K, used 94787K [0x00000000e0000000, 0x0000000100000000)
  region size 1024K, 2 young (2048K), 2 survivors (2048K)
 Metaspace       used 143686K, capacity 148389K, committed 149288K, reserved 385024K
  class space    used 16738K, capacity 18462K, committed 18944K, reserved 253952K
}
Event: 4689.689 GC heap before
{Heap before GC invocations=325 (full 0):
 garbage-first heap   total 262144K, used 152131K [0x00000000e0000000, 0x0000000100000000)
  region size 1024K, 60 young (61440K), 2 survivors (2048K)
 Metaspace       used 143701K, capacity 148453K, committed 149544K, reserved 385024K
  class space    used 16738K, capacity 18462K, committed 18944K, reserved 253952K
}
Event: 4689.700 GC heap after
{Heap after GC invocations=326 (full 0):
 garbage-first heap   total 262144K, used 99957K [0x00000000e0000000, 0x0000000100000000)
  region size 1024K, 7 young (7168K), 7 survivors (7168K)
 Metaspace       used 143701K, capacity 148453K, committed 149544K, reserved 385024K
  class space    used 16738K, capacity 18462K, committed 18944K, reserved 253952K
}
Event: 4696.728 GC heap before
{Heap before GC invocations=327 (full 0):
 garbage-first heap   total 262144K, used 217717K [0x00000000e0000000, 0x0000000100000000)
  region size 1024K, 106 young (108544K), 7 survivors (7168K)
 Metaspace       used 143723K, capacity 148453K, committed 149544K, reserved 385024K
  class space    used 16738K, capacity 18462K, committed 18944K, reserved 253952K
}
Event: 4696.734 GC heap after
{Heap after GC invocations=328 (full 0):
 garbage-first heap   total 262144K, used 100349K [0x00000000e0000000, 0x0000000100000000)
  region size 1024K, 7 young (7168K), 7 survivors (7168K)
 Metaspace       used 143723K, capacity 148453K, committed 149544K, reserved 385024K
  class space    used 16738K, capacity 18462K, committed 18944K, reserved 253952K
}
Event: 4696.748 GC heap before
{Heap before GC invocations=328 (full 0):
 garbage-first heap   total 262144K, used 104445K [0x00000000e0000000, 0x0000000100000000)
  region size 1024K, 12 young (12288K), 7 survivors (7168K)
 Metaspace       used 143723K, capacity 148453K, committed 149544K, reserved 385024K
  class space    used 16738K, capacity 18462K, committed 18944K, reserved 253952K
}
Event: 4696.761 GC heap after
{Heap after GC invocations=329 (full 0):
 garbage-first heap   total 262144K, used 94765K [0x00000000e0000000, 0x0000000100000000)
  region size 1024K, 2 young (2048K), 2 survivors (2048K)
 Metaspace       used 143723K, capacity 148453K, committed 149544K, reserved 385024K
  class space    used 16738K, capacity 18462K, committed 18944K, reserved 253952K
}
Event: 4709.760 GC heap before
{Heap before GC invocations=329 (full 0):
 garbage-first heap   total 262144K, used 149037K [0x00000000e0000000, 0x0000000100000000)
  region size 1024K, 56 young (57344K), 2 survivors (2048K)
 Metaspace       used 143811K, capacity 148538K, committed 149544K, reserved 385024K
  class space    used 16747K, capacity 18480K, committed 18944K, reserved 253952K
}
Event: 4709.771 GC heap after
{Heap after GC invocations=330 (full 0):
 garbage-first heap   total 262144K, used 99745K [0x00000000e0000000, 0x0000000100000000)
  region size 1024K, 7 young (7168K), 7 survivors (7168K)
 Metaspace       used 143811K, capacity 148538K, committed 149544K, reserved 385024K
  class space    used 16747K, capacity 18480K, committed 18944K, reserved 253952K
}

